<?xml version="1.0" encoding="UTF-8"?>
<testng-results skipped="0" failed="0" total="1" passed="1">
  <reporter-output>
  </reporter-output>
  <suite name="Command line suite" duration-ms="32575" started-at="2016-04-20T06:28:25Z" finished-at="2016-04-20T06:28:58Z">
    <groups>
    </groups>
    <test name="Command line test" duration-ms="32575" started-at="2016-04-20T06:28:25Z" finished-at="2016-04-20T06:28:58Z">
      <class name="Sample.PetClinicTest">
        <test-method status="PASS" signature="beforeTest()[pri:0, instance:Sample.PetClinicTest@3498ed]" name="beforeTest" is-config="true" duration-ms="10432" started-at="2016-04-20T11:58:25Z" finished-at="2016-04-20T11:58:36Z">
          <reporter-output>
          </reporter-output>
        </test-method> <!-- beforeTest -->
        <test-method status="PASS" signature="testEasy()[pri:0, instance:Sample.PetClinicTest@3498ed]" name="testEasy" duration-ms="20581" started-at="2016-04-20T11:58:36Z" finished-at="2016-04-20T11:58:56Z">
          <reporter-output>
          </reporter-output>
        </test-method> <!-- testEasy -->
        <test-method status="PASS" signature="afterTest()[pri:0, instance:Sample.PetClinicTest@3498ed]" name="afterTest" is-config="true" duration-ms="1530" started-at="2016-04-20T11:58:56Z" finished-at="2016-04-20T11:58:58Z">
          <reporter-output>
          </reporter-output>
        </test-method> <!-- afterTest -->
      </class> <!-- Sample.PetClinicTest -->
    </test> <!-- Command line test -->
  </suite> <!-- Command line suite -->
</testng-results>
